2023-07-19 19:54:41,529 INFO o.a.j.u.JMeterUtils: Setting Locale to en_IN
2023-07-19 19:54:41,584 INFO o.a.j.JMeter: Loading user properties from: user.properties
2023-07-19 19:54:41,585 INFO o.a.j.JMeter: Loading system properties from: system.properties
2023-07-19 19:54:41,598 INFO o.a.j.JMeter: Copyright (c) 1998-2023 The Apache Software Foundation
2023-07-19 19:54:41,599 INFO o.a.j.JMeter: Version 5.6.2
2023-07-19 19:54:41,599 INFO o.a.j.JMeter: java.version=19.0.2
2023-07-19 19:54:41,599 INFO o.a.j.JMeter: java.vm.name=Java HotSpot(TM) 64-Bit Server VM
2023-07-19 19:54:41,600 INFO o.a.j.JMeter: os.name=Linux
2023-07-19 19:54:41,600 INFO o.a.j.JMeter: os.arch=amd64
2023-07-19 19:54:41,600 INFO o.a.j.JMeter: os.version=5.14.0-284.11.1.el9_2.x86_64
2023-07-19 19:54:41,601 INFO o.a.j.JMeter: file.encoding=UTF-8
2023-07-19 19:54:41,601 INFO o.a.j.JMeter: java.awt.headless=null
2023-07-19 19:54:41,601 INFO o.a.j.JMeter: Max memory     =1956642816
2023-07-19 19:54:41,602 INFO o.a.j.JMeter: Available Processors =8
2023-07-19 19:54:41,629 INFO o.a.j.JMeter: Default Locale=English (India)
2023-07-19 19:54:41,629 INFO o.a.j.JMeter: JMeter  Locale=English (India)
2023-07-19 19:54:41,629 INFO o.a.j.JMeter: JMeterHome=/home/infinite/Documents/MicroService/apache-jmeter-5.6.2
2023-07-19 19:54:41,630 INFO o.a.j.JMeter: user.dir  =/home/infinite/Documents/MicroService/apache-jmeter-5.6.2/bin
2023-07-19 19:54:41,630 INFO o.a.j.JMeter: PWD       =/home/infinite/Documents/MicroService/apache-jmeter-5.6.2/bin
2023-07-19 19:54:41,635 INFO o.a.j.JMeter: IP: 192.168.85.80 Name: infinite FullName: infinite
2023-07-19 19:54:41,665 INFO o.a.j.JMeter: Loaded icon properties from org/apache/jmeter/images/icon.properties
2023-07-19 19:54:42,216 INFO o.a.j.JMeterGuiLauncher: Setting LAF to: com.github.weisj.darklaf.DarkLaf:com.github.weisj.darklaf.theme.DarculaTheme
2023-07-19 19:56:03,185 INFO o.a.j.p.h.s.HTTPSamplerBase: Parser for text/html is org.apache.jmeter.protocol.http.parser.LagartoBasedHtmlParser
2023-07-19 19:56:03,187 INFO o.a.j.p.h.s.HTTPSamplerBase: Parser for application/xhtml+xml is org.apache.jmeter.protocol.http.parser.LagartoBasedHtmlParser
2023-07-19 19:56:03,187 INFO o.a.j.p.h.s.HTTPSamplerBase: Parser for application/xml is org.apache.jmeter.protocol.http.parser.LagartoBasedHtmlParser
2023-07-19 19:56:03,187 INFO o.a.j.p.h.s.HTTPSamplerBase: Parser for text/xml is org.apache.jmeter.protocol.http.parser.LagartoBasedHtmlParser
2023-07-19 19:56:03,188 INFO o.a.j.p.h.s.HTTPSamplerBase: Parser for text/vnd.wap.wml is org.apache.jmeter.protocol.http.parser.RegexpHTMLParser
2023-07-19 19:56:03,188 INFO o.a.j.p.h.s.HTTPSamplerBase: Parser for text/css is org.apache.jmeter.protocol.http.parser.CssParser
2023-07-19 20:00:07,096 INFO o.a.j.s.SampleResult: Note: Sample TimeStamps are START times
2023-07-19 20:00:07,097 INFO o.a.j.s.SampleResult: sampleresult.default.encoding is set to UTF-8
2023-07-19 20:00:07,098 INFO o.a.j.s.SampleResult: sampleresult.useNanoTime=true
2023-07-19 20:00:07,098 INFO o.a.j.s.SampleResult: sampleresult.nanoThreadSleep=5000
2023-07-19 20:00:25,941 INFO o.a.j.s.FileServer: Default base='/home/infinite/Documents/MicroService/apache-jmeter-5.6.2/bin'
2023-07-19 20:00:25,945 INFO o.a.j.s.FileServer: Set new base='/home/infinite/Documents/MicroService/apache-jmeter-5.6.2/bin'
2023-07-19 20:00:26,807 INFO o.a.j.s.SaveService: Testplan (JMX) version: 2.2. Testlog (JTL) version: 2.2
2023-07-19 20:00:26,829 INFO o.a.j.s.SaveService: Using SaveService properties version 5.0
2023-07-19 20:00:26,834 INFO o.a.j.s.SaveService: Using SaveService properties file encoding UTF-8
2023-07-19 20:00:26,925 INFO o.a.j.e.StandardJMeterEngine: Running the test!
2023-07-19 20:00:26,929 INFO o.a.j.s.SampleEvent: List of sample_variables: []
2023-07-19 20:00:26,929 INFO o.a.j.s.SampleEvent: List of sample_variables: []
2023-07-19 20:00:26,933 INFO o.a.j.e.u.CompoundVariable: Note: Function class names must contain the string: '.functions.'
2023-07-19 20:00:26,934 INFO o.a.j.e.u.CompoundVariable: Note: Function class names must not contain the string: '.gui.'
2023-07-19 20:00:27,110 INFO o.a.j.g.u.JMeterMenuBar: setRunning(true, *local*)
2023-07-19 20:00:27,214 INFO o.a.j.e.StandardJMeterEngine: Starting ThreadGroup: 1 : Thread Group
2023-07-19 20:00:27,215 INFO o.a.j.e.StandardJMeterEngine: Starting 15 threads for group Thread Group.
2023-07-19 20:00:27,215 INFO o.a.j.e.StandardJMeterEngine: Thread will continue on error
2023-07-19 20:00:27,216 INFO o.a.j.t.ThreadGroup: Starting thread group... number=1 threads=15 ramp-up=1 delayedStart=false
2023-07-19 20:00:27,224 INFO o.a.j.t.JMeterThread: Thread started: Thread Group 1-1
2023-07-19 20:00:27,238 INFO o.a.j.t.ThreadGroup: Started thread group number 1
2023-07-19 20:00:27,239 INFO o.a.j.e.StandardJMeterEngine: All thread groups have been started
2023-07-19 20:00:27,266 INFO o.a.j.p.h.s.HTTPHCAbstractImpl: Local host = infinite
2023-07-19 20:00:27,285 INFO o.a.j.p.h.s.HTTPHC4Impl: HTTP request retry count = 0
2023-07-19 20:00:27,286 INFO o.a.j.t.JMeterThread: Thread started: Thread Group 1-2
2023-07-19 20:00:27,352 INFO o.a.j.t.JMeterThread: Thread started: Thread Group 1-3
2023-07-19 20:00:27,419 INFO o.a.j.t.JMeterThread: Thread started: Thread Group 1-4
2023-07-19 20:00:27,487 INFO o.a.j.t.JMeterThread: Thread started: Thread Group 1-5
2023-07-19 20:00:27,555 INFO o.a.j.t.JMeterThread: Thread started: Thread Group 1-6
2023-07-19 20:00:27,620 INFO o.a.j.t.JMeterThread: Thread started: Thread Group 1-7
2023-07-19 20:00:27,640 INFO o.a.j.t.JMeterThread: Thread is done: Thread Group 1-6
2023-07-19 20:00:27,639 INFO o.a.j.t.JMeterThread: Thread is done: Thread Group 1-3
2023-07-19 20:00:27,639 INFO o.a.j.t.JMeterThread: Thread is done: Thread Group 1-2
2023-07-19 20:00:27,640 INFO o.a.j.t.JMeterThread: Thread finished: Thread Group 1-6
2023-07-19 20:00:27,640 INFO o.a.j.t.JMeterThread: Thread finished: Thread Group 1-2
2023-07-19 20:00:27,640 INFO o.a.j.t.JMeterThread: Thread finished: Thread Group 1-3
2023-07-19 20:00:27,640 INFO o.a.j.t.JMeterThread: Thread is done: Thread Group 1-5
2023-07-19 20:00:27,640 INFO o.a.j.t.JMeterThread: Thread is done: Thread Group 1-1
2023-07-19 20:00:27,641 INFO o.a.j.t.JMeterThread: Thread finished: Thread Group 1-5
2023-07-19 20:00:27,641 INFO o.a.j.t.JMeterThread: Thread finished: Thread Group 1-1
2023-07-19 20:00:27,649 INFO o.a.j.t.JMeterThread: Thread is done: Thread Group 1-7
2023-07-19 20:00:27,649 INFO o.a.j.t.JMeterThread: Thread finished: Thread Group 1-7
2023-07-19 20:00:27,650 INFO o.a.j.t.JMeterThread: Thread is done: Thread Group 1-4
2023-07-19 20:00:27,651 INFO o.a.j.t.JMeterThread: Thread finished: Thread Group 1-4
2023-07-19 20:00:27,687 INFO o.a.j.t.JMeterThread: Thread started: Thread Group 1-8
2023-07-19 20:00:27,698 INFO o.a.j.t.JMeterThread: Thread is done: Thread Group 1-8
2023-07-19 20:00:27,699 INFO o.a.j.t.JMeterThread: Thread finished: Thread Group 1-8
2023-07-19 20:00:27,754 INFO o.a.j.t.JMeterThread: Thread started: Thread Group 1-9
2023-07-19 20:00:27,762 INFO o.a.j.t.JMeterThread: Thread is done: Thread Group 1-9
2023-07-19 20:00:27,762 INFO o.a.j.t.JMeterThread: Thread finished: Thread Group 1-9
2023-07-19 20:00:27,821 INFO o.a.j.t.JMeterThread: Thread started: Thread Group 1-10
2023-07-19 20:00:27,831 INFO o.a.j.t.JMeterThread: Thread is done: Thread Group 1-10
2023-07-19 20:00:27,831 INFO o.a.j.t.JMeterThread: Thread finished: Thread Group 1-10
2023-07-19 20:00:27,887 INFO o.a.j.t.JMeterThread: Thread started: Thread Group 1-11
2023-07-19 20:00:27,896 INFO o.a.j.t.JMeterThread: Thread is done: Thread Group 1-11
2023-07-19 20:00:27,897 INFO o.a.j.t.JMeterThread: Thread finished: Thread Group 1-11
2023-07-19 20:00:27,954 INFO o.a.j.t.JMeterThread: Thread started: Thread Group 1-12
2023-07-19 20:00:27,962 INFO o.a.j.t.JMeterThread: Thread is done: Thread Group 1-12
2023-07-19 20:00:27,962 INFO o.a.j.t.JMeterThread: Thread finished: Thread Group 1-12
2023-07-19 20:00:28,021 INFO o.a.j.t.JMeterThread: Thread started: Thread Group 1-13
2023-07-19 20:00:28,031 INFO o.a.j.t.JMeterThread: Thread is done: Thread Group 1-13
2023-07-19 20:00:28,031 INFO o.a.j.t.JMeterThread: Thread finished: Thread Group 1-13
2023-07-19 20:00:28,088 INFO o.a.j.t.JMeterThread: Thread started: Thread Group 1-14
2023-07-19 20:00:28,095 INFO o.a.j.t.JMeterThread: Thread is done: Thread Group 1-14
2023-07-19 20:00:28,095 INFO o.a.j.t.JMeterThread: Thread finished: Thread Group 1-14
2023-07-19 20:00:28,156 INFO o.a.j.t.JMeterThread: Thread started: Thread Group 1-15
2023-07-19 20:00:28,164 INFO o.a.j.t.JMeterThread: Thread is done: Thread Group 1-15
2023-07-19 20:00:28,164 INFO o.a.j.t.JMeterThread: Thread finished: Thread Group 1-15
2023-07-19 20:00:28,165 INFO o.a.j.e.StandardJMeterEngine: Notifying test listeners of end of test
2023-07-19 20:00:28,166 INFO o.a.j.g.u.JMeterMenuBar: setRunning(false, *local*)
2023-07-19 20:01:18,499 INFO o.a.j.e.StandardJMeterEngine: Running the test!
2023-07-19 20:01:18,500 INFO o.a.j.s.SampleEvent: List of sample_variables: []
2023-07-19 20:01:18,502 INFO o.a.j.g.u.JMeterMenuBar: setRunning(true, *local*)
2023-07-19 20:01:18,592 INFO o.a.j.e.StandardJMeterEngine: Starting ThreadGroup: 1 : Thread Group
2023-07-19 20:01:18,593 INFO o.a.j.e.StandardJMeterEngine: Starting 15 threads for group Thread Group.
2023-07-19 20:01:18,593 INFO o.a.j.e.StandardJMeterEngine: Thread will continue on error
2023-07-19 20:01:18,593 INFO o.a.j.t.ThreadGroup: Starting thread group... number=1 threads=15 ramp-up=1 delayedStart=false
2023-07-19 20:01:18,595 INFO o.a.j.t.JMeterThread: Thread started: Thread Group 1-1
2023-07-19 20:01:18,605 INFO o.a.j.t.JMeterThread: Thread is done: Thread Group 1-1
2023-07-19 20:01:18,605 INFO o.a.j.t.JMeterThread: Thread finished: Thread Group 1-1
2023-07-19 20:01:18,607 INFO o.a.j.t.ThreadGroup: Started thread group number 1
2023-07-19 20:01:18,607 INFO o.a.j.e.StandardJMeterEngine: All thread groups have been started
2023-07-19 20:01:18,662 INFO o.a.j.t.JMeterThread: Thread started: Thread Group 1-2
2023-07-19 20:01:18,669 INFO o.a.j.t.JMeterThread: Thread is done: Thread Group 1-2
2023-07-19 20:01:18,669 INFO o.a.j.t.JMeterThread: Thread finished: Thread Group 1-2
2023-07-19 20:01:18,729 INFO o.a.j.t.JMeterThread: Thread started: Thread Group 1-3
2023-07-19 20:01:18,735 INFO o.a.j.t.JMeterThread: Thread is done: Thread Group 1-3
2023-07-19 20:01:18,735 INFO o.a.j.t.JMeterThread: Thread finished: Thread Group 1-3
2023-07-19 20:01:18,796 INFO o.a.j.t.JMeterThread: Thread started: Thread Group 1-4
2023-07-19 20:01:18,802 INFO o.a.j.t.JMeterThread: Thread is done: Thread Group 1-4
2023-07-19 20:01:18,802 INFO o.a.j.t.JMeterThread: Thread finished: Thread Group 1-4
2023-07-19 20:01:18,863 INFO o.a.j.t.JMeterThread: Thread started: Thread Group 1-5
2023-07-19 20:01:18,870 INFO o.a.j.t.JMeterThread: Thread is done: Thread Group 1-5
2023-07-19 20:01:18,870 INFO o.a.j.t.JMeterThread: Thread finished: Thread Group 1-5
2023-07-19 20:01:18,930 INFO o.a.j.t.JMeterThread: Thread started: Thread Group 1-6
2023-07-19 20:01:18,935 INFO o.a.j.t.JMeterThread: Thread is done: Thread Group 1-6
2023-07-19 20:01:18,936 INFO o.a.j.t.JMeterThread: Thread finished: Thread Group 1-6
2023-07-19 20:01:18,996 INFO o.a.j.t.JMeterThread: Thread started: Thread Group 1-7
2023-07-19 20:01:19,004 INFO o.a.j.t.JMeterThread: Thread is done: Thread Group 1-7
2023-07-19 20:01:19,004 INFO o.a.j.t.JMeterThread: Thread finished: Thread Group 1-7
2023-07-19 20:01:19,063 INFO o.a.j.t.JMeterThread: Thread started: Thread Group 1-8
2023-07-19 20:01:19,071 INFO o.a.j.t.JMeterThread: Thread is done: Thread Group 1-8
2023-07-19 20:01:19,071 INFO o.a.j.t.JMeterThread: Thread finished: Thread Group 1-8
2023-07-19 20:01:19,130 INFO o.a.j.t.JMeterThread: Thread started: Thread Group 1-9
2023-07-19 20:01:19,136 INFO o.a.j.t.JMeterThread: Thread is done: Thread Group 1-9
2023-07-19 20:01:19,137 INFO o.a.j.t.JMeterThread: Thread finished: Thread Group 1-9
2023-07-19 20:01:19,197 INFO o.a.j.t.JMeterThread: Thread started: Thread Group 1-10
2023-07-19 20:01:19,203 INFO o.a.j.t.JMeterThread: Thread is done: Thread Group 1-10
2023-07-19 20:01:19,203 INFO o.a.j.t.JMeterThread: Thread finished: Thread Group 1-10
2023-07-19 20:01:19,265 INFO o.a.j.t.JMeterThread: Thread started: Thread Group 1-11
2023-07-19 20:01:19,272 INFO o.a.j.t.JMeterThread: Thread is done: Thread Group 1-11
2023-07-19 20:01:19,272 INFO o.a.j.t.JMeterThread: Thread finished: Thread Group 1-11
2023-07-19 20:01:19,332 INFO o.a.j.t.JMeterThread: Thread started: Thread Group 1-12
2023-07-19 20:01:19,341 INFO o.a.j.t.JMeterThread: Thread is done: Thread Group 1-12
2023-07-19 20:01:19,342 INFO o.a.j.t.JMeterThread: Thread finished: Thread Group 1-12
2023-07-19 20:01:19,399 INFO o.a.j.t.JMeterThread: Thread started: Thread Group 1-13
2023-07-19 20:01:19,404 INFO o.a.j.t.JMeterThread: Thread is done: Thread Group 1-13
2023-07-19 20:01:19,405 INFO o.a.j.t.JMeterThread: Thread finished: Thread Group 1-13
2023-07-19 20:01:19,466 INFO o.a.j.t.JMeterThread: Thread started: Thread Group 1-14
2023-07-19 20:01:19,472 INFO o.a.j.t.JMeterThread: Thread is done: Thread Group 1-14
2023-07-19 20:01:19,472 INFO o.a.j.t.JMeterThread: Thread finished: Thread Group 1-14
2023-07-19 20:01:19,532 INFO o.a.j.t.JMeterThread: Thread started: Thread Group 1-15
2023-07-19 20:01:19,539 INFO o.a.j.t.JMeterThread: Thread is done: Thread Group 1-15
2023-07-19 20:01:19,540 INFO o.a.j.t.JMeterThread: Thread finished: Thread Group 1-15
2023-07-19 20:01:19,540 INFO o.a.j.e.StandardJMeterEngine: Notifying test listeners of end of test
2023-07-19 20:01:19,541 INFO o.a.j.g.u.JMeterMenuBar: setRunning(false, *local*)
2023-07-19 20:01:21,827 INFO o.a.j.e.StandardJMeterEngine: Running the test!
2023-07-19 20:01:21,828 INFO o.a.j.s.SampleEvent: List of sample_variables: []
2023-07-19 20:01:21,829 INFO o.a.j.g.u.JMeterMenuBar: setRunning(true, *local*)
2023-07-19 20:01:21,914 INFO o.a.j.e.StandardJMeterEngine: Starting ThreadGroup: 1 : Thread Group
2023-07-19 20:01:21,914 INFO o.a.j.e.StandardJMeterEngine: Starting 15 threads for group Thread Group.
2023-07-19 20:01:21,914 INFO o.a.j.e.StandardJMeterEngine: Thread will continue on error
2023-07-19 20:01:21,915 INFO o.a.j.t.ThreadGroup: Starting thread group... number=1 threads=15 ramp-up=1 delayedStart=false
2023-07-19 20:01:21,916 INFO o.a.j.t.JMeterThread: Thread started: Thread Group 1-1
2023-07-19 20:01:21,923 INFO o.a.j.t.JMeterThread: Thread is done: Thread Group 1-1
2023-07-19 20:01:21,923 INFO o.a.j.t.JMeterThread: Thread finished: Thread Group 1-1
2023-07-19 20:01:21,926 INFO o.a.j.t.ThreadGroup: Started thread group number 1
2023-07-19 20:01:21,926 INFO o.a.j.e.StandardJMeterEngine: All thread groups have been started
2023-07-19 20:01:21,983 INFO o.a.j.t.JMeterThread: Thread started: Thread Group 1-2
2023-07-19 20:01:21,990 INFO o.a.j.t.JMeterThread: Thread is done: Thread Group 1-2
2023-07-19 20:01:21,990 INFO o.a.j.t.JMeterThread: Thread finished: Thread Group 1-2
2023-07-19 20:01:22,051 INFO o.a.j.t.JMeterThread: Thread started: Thread Group 1-3
2023-07-19 20:01:22,058 INFO o.a.j.t.JMeterThread: Thread is done: Thread Group 1-3
2023-07-19 20:01:22,058 INFO o.a.j.t.JMeterThread: Thread finished: Thread Group 1-3
2023-07-19 20:01:22,117 INFO o.a.j.t.JMeterThread: Thread started: Thread Group 1-4
2023-07-19 20:01:22,123 INFO o.a.j.t.JMeterThread: Thread is done: Thread Group 1-4
2023-07-19 20:01:22,124 INFO o.a.j.t.JMeterThread: Thread finished: Thread Group 1-4
2023-07-19 20:01:22,184 INFO o.a.j.t.JMeterThread: Thread started: Thread Group 1-5
2023-07-19 20:01:22,190 INFO o.a.j.t.JMeterThread: Thread is done: Thread Group 1-5
2023-07-19 20:01:22,190 INFO o.a.j.t.JMeterThread: Thread finished: Thread Group 1-5
2023-07-19 20:01:22,252 INFO o.a.j.t.JMeterThread: Thread started: Thread Group 1-6
2023-07-19 20:01:22,258 INFO o.a.j.t.JMeterThread: Thread is done: Thread Group 1-6
2023-07-19 20:01:22,258 INFO o.a.j.t.JMeterThread: Thread finished: Thread Group 1-6
2023-07-19 20:01:22,318 INFO o.a.j.t.JMeterThread: Thread started: Thread Group 1-7
2023-07-19 20:01:22,324 INFO o.a.j.t.JMeterThread: Thread is done: Thread Group 1-7
2023-07-19 20:01:22,325 INFO o.a.j.t.JMeterThread: Thread finished: Thread Group 1-7
2023-07-19 20:01:22,385 INFO o.a.j.t.JMeterThread: Thread started: Thread Group 1-8
2023-07-19 20:01:22,391 INFO o.a.j.t.JMeterThread: Thread is done: Thread Group 1-8
2023-07-19 20:01:22,391 INFO o.a.j.t.JMeterThread: Thread finished: Thread Group 1-8
2023-07-19 20:01:22,453 INFO o.a.j.t.JMeterThread: Thread started: Thread Group 1-9
2023-07-19 20:01:22,460 INFO o.a.j.t.JMeterThread: Thread is done: Thread Group 1-9
2023-07-19 20:01:22,460 INFO o.a.j.t.JMeterThread: Thread finished: Thread Group 1-9
2023-07-19 20:01:22,519 INFO o.a.j.t.JMeterThread: Thread started: Thread Group 1-10
2023-07-19 20:01:22,526 INFO o.a.j.t.JMeterThread: Thread is done: Thread Group 1-10
2023-07-19 20:01:22,527 INFO o.a.j.t.JMeterThread: Thread finished: Thread Group 1-10
2023-07-19 20:01:22,586 INFO o.a.j.t.JMeterThread: Thread started: Thread Group 1-11
2023-07-19 20:01:22,594 INFO o.a.j.t.JMeterThread: Thread is done: Thread Group 1-11
2023-07-19 20:01:22,594 INFO o.a.j.t.JMeterThread: Thread finished: Thread Group 1-11
2023-07-19 20:01:22,653 INFO o.a.j.t.JMeterThread: Thread started: Thread Group 1-12
2023-07-19 20:01:22,660 INFO o.a.j.t.JMeterThread: Thread is done: Thread Group 1-12
2023-07-19 20:01:22,660 INFO o.a.j.t.JMeterThread: Thread finished: Thread Group 1-12
2023-07-19 20:01:22,721 INFO o.a.j.t.JMeterThread: Thread started: Thread Group 1-13
2023-07-19 20:01:22,727 INFO o.a.j.t.JMeterThread: Thread is done: Thread Group 1-13
2023-07-19 20:01:22,727 INFO o.a.j.t.JMeterThread: Thread finished: Thread Group 1-13
2023-07-19 20:01:22,788 INFO o.a.j.t.JMeterThread: Thread started: Thread Group 1-14
2023-07-19 20:01:22,794 INFO o.a.j.t.JMeterThread: Thread is done: Thread Group 1-14
2023-07-19 20:01:22,794 INFO o.a.j.t.JMeterThread: Thread finished: Thread Group 1-14
2023-07-19 20:01:22,854 INFO o.a.j.t.JMeterThread: Thread started: Thread Group 1-15
2023-07-19 20:01:22,861 INFO o.a.j.t.JMeterThread: Thread is done: Thread Group 1-15
2023-07-19 20:01:22,861 INFO o.a.j.t.JMeterThread: Thread finished: Thread Group 1-15
2023-07-19 20:01:22,862 INFO o.a.j.e.StandardJMeterEngine: Notifying test listeners of end of test
2023-07-19 20:01:22,862 INFO o.a.j.g.u.JMeterMenuBar: setRunning(false, *local*)
2023-07-19 20:03:14,093 INFO o.a.j.e.StandardJMeterEngine: Running the test!
2023-07-19 20:03:14,094 INFO o.a.j.s.SampleEvent: List of sample_variables: []
2023-07-19 20:03:14,095 INFO o.a.j.g.u.JMeterMenuBar: setRunning(true, *local*)
2023-07-19 20:03:14,184 INFO o.a.j.e.StandardJMeterEngine: Starting ThreadGroup: 1 : Thread Group
2023-07-19 20:03:14,184 INFO o.a.j.e.StandardJMeterEngine: Starting 15 threads for group Thread Group.
2023-07-19 20:03:14,185 INFO o.a.j.e.StandardJMeterEngine: Thread will continue on error
2023-07-19 20:03:14,185 INFO o.a.j.t.ThreadGroup: Starting thread group... number=1 threads=15 ramp-up=1 delayedStart=false
2023-07-19 20:03:14,187 INFO o.a.j.t.JMeterThread: Thread started: Thread Group 1-1
2023-07-19 20:03:14,196 INFO o.a.j.t.JMeterThread: Thread is done: Thread Group 1-1
2023-07-19 20:03:14,196 INFO o.a.j.t.JMeterThread: Thread finished: Thread Group 1-1
2023-07-19 20:03:14,198 INFO o.a.j.t.ThreadGroup: Started thread group number 1
2023-07-19 20:03:14,198 INFO o.a.j.e.StandardJMeterEngine: All thread groups have been started
2023-07-19 20:03:14,253 INFO o.a.j.t.JMeterThread: Thread started: Thread Group 1-2
2023-07-19 20:03:14,260 INFO o.a.j.t.JMeterThread: Thread is done: Thread Group 1-2
2023-07-19 20:03:14,260 INFO o.a.j.t.JMeterThread: Thread finished: Thread Group 1-2
2023-07-19 20:03:14,321 INFO o.a.j.t.JMeterThread: Thread started: Thread Group 1-3
2023-07-19 20:03:14,327 INFO o.a.j.t.JMeterThread: Thread is done: Thread Group 1-3
2023-07-19 20:03:14,327 INFO o.a.j.t.JMeterThread: Thread finished: Thread Group 1-3
2023-07-19 20:03:14,388 INFO o.a.j.t.JMeterThread: Thread started: Thread Group 1-4
2023-07-19 20:03:14,394 INFO o.a.j.t.JMeterThread: Thread is done: Thread Group 1-4
2023-07-19 20:03:14,395 INFO o.a.j.t.JMeterThread: Thread finished: Thread Group 1-4
2023-07-19 20:03:14,455 INFO o.a.j.t.JMeterThread: Thread started: Thread Group 1-5
2023-07-19 20:03:14,462 INFO o.a.j.t.JMeterThread: Thread is done: Thread Group 1-5
2023-07-19 20:03:14,462 INFO o.a.j.t.JMeterThread: Thread finished: Thread Group 1-5
2023-07-19 20:03:14,522 INFO o.a.j.t.JMeterThread: Thread started: Thread Group 1-6
2023-07-19 20:03:14,528 INFO o.a.j.t.JMeterThread: Thread is done: Thread Group 1-6
2023-07-19 20:03:14,529 INFO o.a.j.t.JMeterThread: Thread finished: Thread Group 1-6
2023-07-19 20:03:14,588 INFO o.a.j.t.JMeterThread: Thread started: Thread Group 1-7
2023-07-19 20:03:14,594 INFO o.a.j.t.JMeterThread: Thread is done: Thread Group 1-7
2023-07-19 20:03:14,595 INFO o.a.j.t.JMeterThread: Thread finished: Thread Group 1-7
2023-07-19 20:03:14,656 INFO o.a.j.t.JMeterThread: Thread started: Thread Group 1-8
2023-07-19 20:03:14,663 INFO o.a.j.t.JMeterThread: Thread is done: Thread Group 1-8
2023-07-19 20:03:14,663 INFO o.a.j.t.JMeterThread: Thread finished: Thread Group 1-8
2023-07-19 20:03:14,723 INFO o.a.j.t.JMeterThread: Thread started: Thread Group 1-9
2023-07-19 20:03:14,728 INFO o.a.j.t.JMeterThread: Thread is done: Thread Group 1-9
2023-07-19 20:03:14,729 INFO o.a.j.t.JMeterThread: Thread finished: Thread Group 1-9
2023-07-19 20:03:14,789 INFO o.a.j.t.JMeterThread: Thread started: Thread Group 1-10
2023-07-19 20:03:14,795 INFO o.a.j.t.JMeterThread: Thread is done: Thread Group 1-10
2023-07-19 20:03:14,796 INFO o.a.j.t.JMeterThread: Thread finished: Thread Group 1-10
2023-07-19 20:03:14,856 INFO o.a.j.t.JMeterThread: Thread started: Thread Group 1-11
2023-07-19 20:03:14,862 INFO o.a.j.t.JMeterThread: Thread is done: Thread Group 1-11
2023-07-19 20:03:14,863 INFO o.a.j.t.JMeterThread: Thread finished: Thread Group 1-11
2023-07-19 20:03:14,923 INFO o.a.j.t.JMeterThread: Thread started: Thread Group 1-12
2023-07-19 20:03:14,930 INFO o.a.j.t.JMeterThread: Thread is done: Thread Group 1-12
2023-07-19 20:03:14,930 INFO o.a.j.t.JMeterThread: Thread finished: Thread Group 1-12
2023-07-19 20:03:14,990 INFO o.a.j.t.JMeterThread: Thread started: Thread Group 1-13
2023-07-19 20:03:14,998 INFO o.a.j.t.JMeterThread: Thread is done: Thread Group 1-13
2023-07-19 20:03:14,998 INFO o.a.j.t.JMeterThread: Thread finished: Thread Group 1-13
2023-07-19 20:03:15,058 INFO o.a.j.t.JMeterThread: Thread started: Thread Group 1-14
2023-07-19 20:03:15,065 INFO o.a.j.t.JMeterThread: Thread is done: Thread Group 1-14
2023-07-19 20:03:15,065 INFO o.a.j.t.JMeterThread: Thread finished: Thread Group 1-14
2023-07-19 20:03:15,124 INFO o.a.j.t.JMeterThread: Thread started: Thread Group 1-15
2023-07-19 20:03:15,131 INFO o.a.j.t.JMeterThread: Thread is done: Thread Group 1-15
2023-07-19 20:03:15,131 INFO o.a.j.t.JMeterThread: Thread finished: Thread Group 1-15
2023-07-19 20:03:15,132 INFO o.a.j.e.StandardJMeterEngine: Notifying test listeners of end of test
2023-07-19 20:03:15,132 INFO o.a.j.g.u.JMeterMenuBar: setRunning(false, *local*)
2023-07-19 20:03:43,009 INFO o.a.j.e.StandardJMeterEngine: Running the test!
2023-07-19 20:03:43,010 INFO o.a.j.s.SampleEvent: List of sample_variables: []
2023-07-19 20:03:43,011 INFO o.a.j.g.u.JMeterMenuBar: setRunning(true, *local*)
2023-07-19 20:03:43,134 INFO o.a.j.e.StandardJMeterEngine: Starting ThreadGroup: 1 : Thread Group
2023-07-19 20:03:43,134 INFO o.a.j.e.StandardJMeterEngine: Starting 15 threads for group Thread Group.
2023-07-19 20:03:43,134 INFO o.a.j.e.StandardJMeterEngine: Thread will continue on error
2023-07-19 20:03:43,135 INFO o.a.j.t.ThreadGroup: Starting thread group... number=1 threads=15 ramp-up=1 delayedStart=false
2023-07-19 20:03:43,136 INFO o.a.j.t.JMeterThread: Thread started: Thread Group 1-1
2023-07-19 20:03:43,143 INFO o.a.j.t.JMeterThread: Thread is done: Thread Group 1-1
2023-07-19 20:03:43,143 INFO o.a.j.t.JMeterThread: Thread finished: Thread Group 1-1
2023-07-19 20:03:43,147 INFO o.a.j.t.ThreadGroup: Started thread group number 1
2023-07-19 20:03:43,147 INFO o.a.j.e.StandardJMeterEngine: All thread groups have been started
2023-07-19 20:03:43,212 INFO o.a.j.t.JMeterThread: Thread started: Thread Group 1-2
2023-07-19 20:03:43,218 INFO o.a.j.t.JMeterThread: Thread is done: Thread Group 1-2
2023-07-19 20:03:43,218 INFO o.a.j.t.JMeterThread: Thread finished: Thread Group 1-2
2023-07-19 20:03:43,279 INFO o.a.j.t.JMeterThread: Thread started: Thread Group 1-3
2023-07-19 20:03:43,284 INFO o.a.j.t.JMeterThread: Thread is done: Thread Group 1-3
2023-07-19 20:03:43,285 INFO o.a.j.t.JMeterThread: Thread finished: Thread Group 1-3
2023-07-19 20:03:43,345 INFO o.a.j.t.JMeterThread: Thread started: Thread Group 1-4
2023-07-19 20:03:43,352 INFO o.a.j.t.JMeterThread: Thread is done: Thread Group 1-4
2023-07-19 20:03:43,352 INFO o.a.j.t.JMeterThread: Thread finished: Thread Group 1-4
2023-07-19 20:03:43,412 INFO o.a.j.t.JMeterThread: Thread started: Thread Group 1-5
2023-07-19 20:03:43,418 INFO o.a.j.t.JMeterThread: Thread is done: Thread Group 1-5
2023-07-19 20:03:43,418 INFO o.a.j.t.JMeterThread: Thread finished: Thread Group 1-5
2023-07-19 20:03:43,478 INFO o.a.j.t.JMeterThread: Thread started: Thread Group 1-6
2023-07-19 20:03:43,486 INFO o.a.j.t.JMeterThread: Thread is done: Thread Group 1-6
2023-07-19 20:03:43,486 INFO o.a.j.t.JMeterThread: Thread finished: Thread Group 1-6
2023-07-19 20:03:43,544 INFO o.a.j.t.JMeterThread: Thread started: Thread Group 1-7
2023-07-19 20:03:43,550 INFO o.a.j.t.JMeterThread: Thread is done: Thread Group 1-7
2023-07-19 20:03:43,550 INFO o.a.j.t.JMeterThread: Thread finished: Thread Group 1-7
2023-07-19 20:03:43,611 INFO o.a.j.t.JMeterThread: Thread started: Thread Group 1-8
2023-07-19 20:03:43,617 INFO o.a.j.t.JMeterThread: Thread is done: Thread Group 1-8
2023-07-19 20:03:43,617 INFO o.a.j.t.JMeterThread: Thread finished: Thread Group 1-8
2023-07-19 20:03:43,677 INFO o.a.j.t.JMeterThread: Thread started: Thread Group 1-9
2023-07-19 20:03:43,683 INFO o.a.j.t.JMeterThread: Thread is done: Thread Group 1-9
2023-07-19 20:03:43,683 INFO o.a.j.t.JMeterThread: Thread finished: Thread Group 1-9
2023-07-19 20:03:43,743 INFO o.a.j.t.JMeterThread: Thread started: Thread Group 1-10
2023-07-19 20:03:43,749 INFO o.a.j.t.JMeterThread: Thread is done: Thread Group 1-10
2023-07-19 20:03:43,749 INFO o.a.j.t.JMeterThread: Thread finished: Thread Group 1-10
2023-07-19 20:03:43,810 INFO o.a.j.t.JMeterThread: Thread started: Thread Group 1-11
2023-07-19 20:03:43,816 INFO o.a.j.t.JMeterThread: Thread is done: Thread Group 1-11
2023-07-19 20:03:43,817 INFO o.a.j.t.JMeterThread: Thread finished: Thread Group 1-11
2023-07-19 20:03:43,876 INFO o.a.j.t.JMeterThread: Thread started: Thread Group 1-12
2023-07-19 20:03:43,882 INFO o.a.j.t.JMeterThread: Thread is done: Thread Group 1-12
2023-07-19 20:03:43,882 INFO o.a.j.t.JMeterThread: Thread finished: Thread Group 1-12
2023-07-19 20:03:43,943 INFO o.a.j.t.JMeterThread: Thread started: Thread Group 1-13
2023-07-19 20:03:43,949 INFO o.a.j.t.JMeterThread: Thread is done: Thread Group 1-13
2023-07-19 20:03:43,949 INFO o.a.j.t.JMeterThread: Thread finished: Thread Group 1-13
2023-07-19 20:03:44,010 INFO o.a.j.t.JMeterThread: Thread started: Thread Group 1-14
2023-07-19 20:03:44,015 INFO o.a.j.t.JMeterThread: Thread is done: Thread Group 1-14
2023-07-19 20:03:44,015 INFO o.a.j.t.JMeterThread: Thread finished: Thread Group 1-14
2023-07-19 20:03:44,074 INFO o.a.j.t.JMeterThread: Thread started: Thread Group 1-15
2023-07-19 20:03:44,080 INFO o.a.j.t.JMeterThread: Thread is done: Thread Group 1-15
2023-07-19 20:03:44,080 INFO o.a.j.t.JMeterThread: Thread finished: Thread Group 1-15
2023-07-19 20:03:44,081 INFO o.a.j.e.StandardJMeterEngine: Notifying test listeners of end of test
2023-07-19 20:03:44,081 INFO o.a.j.g.u.JMeterMenuBar: setRunning(false, *local*)
2023-07-19 20:04:09,585 INFO o.a.j.e.StandardJMeterEngine: Running the test!
2023-07-19 20:04:09,586 INFO o.a.j.s.SampleEvent: List of sample_variables: []
2023-07-19 20:04:09,587 INFO o.a.j.g.u.JMeterMenuBar: setRunning(true, *local*)
2023-07-19 20:04:09,588 INFO o.a.j.e.StandardJMeterEngine: Starting ThreadGroup: 1 : Thread Group
2023-07-19 20:04:09,588 INFO o.a.j.e.StandardJMeterEngine: Starting 15 threads for group Thread Group.
2023-07-19 20:04:09,588 INFO o.a.j.e.StandardJMeterEngine: Thread will continue on error
2023-07-19 20:04:09,588 INFO o.a.j.t.ThreadGroup: Starting thread group... number=1 threads=15 ramp-up=1 delayedStart=false
2023-07-19 20:04:09,590 INFO o.a.j.t.JMeterThread: Thread started: Thread Group 1-1
2023-07-19 20:04:09,604 INFO o.a.j.t.JMeterThread: Thread is done: Thread Group 1-1
2023-07-19 20:04:09,605 INFO o.a.j.t.JMeterThread: Thread finished: Thread Group 1-1
2023-07-19 20:04:09,607 INFO o.a.j.t.ThreadGroup: Started thread group number 1
2023-07-19 20:04:09,607 INFO o.a.j.e.StandardJMeterEngine: All thread groups have been started
2023-07-19 20:04:09,661 INFO o.a.j.t.JMeterThread: Thread started: Thread Group 1-2
2023-07-19 20:04:09,676 INFO o.a.j.t.JMeterThread: Thread is done: Thread Group 1-2
2023-07-19 20:04:09,677 INFO o.a.j.t.JMeterThread: Thread finished: Thread Group 1-2
2023-07-19 20:04:09,729 INFO o.a.j.t.JMeterThread: Thread started: Thread Group 1-3
2023-07-19 20:04:09,734 INFO o.a.j.t.JMeterThread: Thread is done: Thread Group 1-3
2023-07-19 20:04:09,735 INFO o.a.j.t.JMeterThread: Thread finished: Thread Group 1-3
2023-07-19 20:04:09,791 INFO o.a.j.t.JMeterThread: Thread started: Thread Group 1-4
2023-07-19 20:04:09,796 INFO o.a.j.t.JMeterThread: Thread is done: Thread Group 1-4
2023-07-19 20:04:09,797 INFO o.a.j.t.JMeterThread: Thread finished: Thread Group 1-4
2023-07-19 20:04:09,857 INFO o.a.j.t.JMeterThread: Thread started: Thread Group 1-5
2023-07-19 20:04:09,863 INFO o.a.j.t.JMeterThread: Thread is done: Thread Group 1-5
2023-07-19 20:04:09,863 INFO o.a.j.t.JMeterThread: Thread finished: Thread Group 1-5
2023-07-19 20:04:09,924 INFO o.a.j.t.JMeterThread: Thread started: Thread Group 1-6
2023-07-19 20:04:09,930 INFO o.a.j.t.JMeterThread: Thread is done: Thread Group 1-6
2023-07-19 20:04:09,930 INFO o.a.j.t.JMeterThread: Thread finished: Thread Group 1-6
2023-07-19 20:04:09,992 INFO o.a.j.t.JMeterThread: Thread started: Thread Group 1-7
2023-07-19 20:04:09,998 INFO o.a.j.t.JMeterThread: Thread is done: Thread Group 1-7
2023-07-19 20:04:09,999 INFO o.a.j.t.JMeterThread: Thread finished: Thread Group 1-7
2023-07-19 20:04:10,059 INFO o.a.j.t.JMeterThread: Thread started: Thread Group 1-8
2023-07-19 20:04:10,065 INFO o.a.j.t.JMeterThread: Thread is done: Thread Group 1-8
2023-07-19 20:04:10,065 INFO o.a.j.t.JMeterThread: Thread finished: Thread Group 1-8
2023-07-19 20:04:10,126 INFO o.a.j.t.JMeterThread: Thread started: Thread Group 1-9
2023-07-19 20:04:10,131 INFO o.a.j.t.JMeterThread: Thread is done: Thread Group 1-9
2023-07-19 20:04:10,132 INFO o.a.j.t.JMeterThread: Thread finished: Thread Group 1-9
2023-07-19 20:04:10,192 INFO o.a.j.t.JMeterThread: Thread started: Thread Group 1-10
2023-07-19 20:04:10,198 INFO o.a.j.t.JMeterThread: Thread is done: Thread Group 1-10
2023-07-19 20:04:10,199 INFO o.a.j.t.JMeterThread: Thread finished: Thread Group 1-10
2023-07-19 20:04:10,260 INFO o.a.j.t.JMeterThread: Thread started: Thread Group 1-11
2023-07-19 20:04:10,266 INFO o.a.j.t.JMeterThread: Thread is done: Thread Group 1-11
2023-07-19 20:04:10,266 INFO o.a.j.t.JMeterThread: Thread finished: Thread Group 1-11
2023-07-19 20:04:10,327 INFO o.a.j.t.JMeterThread: Thread started: Thread Group 1-12
2023-07-19 20:04:10,335 INFO o.a.j.t.JMeterThread: Thread is done: Thread Group 1-12
2023-07-19 20:04:10,335 INFO o.a.j.t.JMeterThread: Thread finished: Thread Group 1-12
2023-07-19 20:04:10,394 INFO o.a.j.t.JMeterThread: Thread started: Thread Group 1-13
2023-07-19 20:04:10,401 INFO o.a.j.t.JMeterThread: Thread is done: Thread Group 1-13
2023-07-19 20:04:10,401 INFO o.a.j.t.JMeterThread: Thread finished: Thread Group 1-13
2023-07-19 20:04:10,462 INFO o.a.j.t.JMeterThread: Thread started: Thread Group 1-14
2023-07-19 20:04:10,467 INFO o.a.j.t.JMeterThread: Thread is done: Thread Group 1-14
2023-07-19 20:04:10,467 INFO o.a.j.t.JMeterThread: Thread finished: Thread Group 1-14
2023-07-19 20:04:10,528 INFO o.a.j.t.JMeterThread: Thread started: Thread Group 1-15
2023-07-19 20:04:10,534 INFO o.a.j.t.JMeterThread: Thread is done: Thread Group 1-15
2023-07-19 20:04:10,534 INFO o.a.j.t.JMeterThread: Thread finished: Thread Group 1-15
2023-07-19 20:04:10,534 INFO o.a.j.e.StandardJMeterEngine: Notifying test listeners of end of test
2023-07-19 20:04:10,535 INFO o.a.j.g.u.JMeterMenuBar: setRunning(false, *local*)
2023-07-19 20:10:51,548 INFO o.a.j.e.StandardJMeterEngine: Running the test!
2023-07-19 20:10:51,548 INFO o.a.j.s.SampleEvent: List of sample_variables: []
2023-07-19 20:10:51,549 INFO o.a.j.g.u.JMeterMenuBar: setRunning(true, *local*)
2023-07-19 20:10:51,632 INFO o.a.j.e.StandardJMeterEngine: Starting ThreadGroup: 1 : Thread Group
2023-07-19 20:10:51,633 INFO o.a.j.e.StandardJMeterEngine: Starting 15 threads for group Thread Group.
2023-07-19 20:10:51,633 INFO o.a.j.e.StandardJMeterEngine: Thread will continue on error
2023-07-19 20:10:51,633 INFO o.a.j.t.ThreadGroup: Starting thread group... number=1 threads=15 ramp-up=1 delayedStart=false
2023-07-19 20:10:51,635 INFO o.a.j.t.JMeterThread: Thread started: Thread Group 1-1
2023-07-19 20:10:51,642 INFO o.a.j.t.JMeterThread: Thread is done: Thread Group 1-1
2023-07-19 20:10:51,642 INFO o.a.j.t.JMeterThread: Thread finished: Thread Group 1-1
2023-07-19 20:10:51,644 INFO o.a.j.t.ThreadGroup: Started thread group number 1
2023-07-19 20:10:51,645 INFO o.a.j.e.StandardJMeterEngine: All thread groups have been started
2023-07-19 20:10:51,701 INFO o.a.j.t.JMeterThread: Thread started: Thread Group 1-2
2023-07-19 20:10:51,707 INFO o.a.j.t.JMeterThread: Thread is done: Thread Group 1-2
2023-07-19 20:10:51,707 INFO o.a.j.t.JMeterThread: Thread finished: Thread Group 1-2
2023-07-19 20:10:51,769 INFO o.a.j.t.JMeterThread: Thread started: Thread Group 1-3
2023-07-19 20:10:51,774 INFO o.a.j.t.JMeterThread: Thread is done: Thread Group 1-3
2023-07-19 20:10:51,775 INFO o.a.j.t.JMeterThread: Thread finished: Thread Group 1-3
2023-07-19 20:10:51,836 INFO o.a.j.t.JMeterThread: Thread started: Thread Group 1-4
2023-07-19 20:10:51,841 INFO o.a.j.t.JMeterThread: Thread is done: Thread Group 1-4
2023-07-19 20:10:51,841 INFO o.a.j.t.JMeterThread: Thread finished: Thread Group 1-4
2023-07-19 20:10:51,902 INFO o.a.j.t.JMeterThread: Thread started: Thread Group 1-5
2023-07-19 20:10:51,909 INFO o.a.j.t.JMeterThread: Thread is done: Thread Group 1-5
2023-07-19 20:10:51,909 INFO o.a.j.t.JMeterThread: Thread finished: Thread Group 1-5
2023-07-19 20:10:51,969 INFO o.a.j.t.JMeterThread: Thread started: Thread Group 1-6
2023-07-19 20:10:51,975 INFO o.a.j.t.JMeterThread: Thread is done: Thread Group 1-6
2023-07-19 20:10:51,975 INFO o.a.j.t.JMeterThread: Thread finished: Thread Group 1-6
2023-07-19 20:10:52,037 INFO o.a.j.t.JMeterThread: Thread started: Thread Group 1-7
2023-07-19 20:10:52,044 INFO o.a.j.t.JMeterThread: Thread is done: Thread Group 1-7
2023-07-19 20:10:52,044 INFO o.a.j.t.JMeterThread: Thread finished: Thread Group 1-7
2023-07-19 20:10:52,103 INFO o.a.j.t.JMeterThread: Thread started: Thread Group 1-8
2023-07-19 20:10:52,109 INFO o.a.j.t.JMeterThread: Thread is done: Thread Group 1-8
2023-07-19 20:10:52,109 INFO o.a.j.t.JMeterThread: Thread finished: Thread Group 1-8
2023-07-19 20:10:52,170 INFO o.a.j.t.JMeterThread: Thread started: Thread Group 1-9
2023-07-19 20:10:52,176 INFO o.a.j.t.JMeterThread: Thread is done: Thread Group 1-9
2023-07-19 20:10:52,176 INFO o.a.j.t.JMeterThread: Thread finished: Thread Group 1-9
2023-07-19 20:10:52,238 INFO o.a.j.t.JMeterThread: Thread started: Thread Group 1-10
2023-07-19 20:10:52,244 INFO o.a.j.t.JMeterThread: Thread is done: Thread Group 1-10
2023-07-19 20:10:52,245 INFO o.a.j.t.JMeterThread: Thread finished: Thread Group 1-10
2023-07-19 20:10:52,304 INFO o.a.j.t.JMeterThread: Thread started: Thread Group 1-11
2023-07-19 20:10:52,310 INFO o.a.j.t.JMeterThread: Thread is done: Thread Group 1-11
2023-07-19 20:10:52,310 INFO o.a.j.t.JMeterThread: Thread finished: Thread Group 1-11
2023-07-19 20:10:52,371 INFO o.a.j.t.JMeterThread: Thread started: Thread Group 1-12
2023-07-19 20:10:52,377 INFO o.a.j.t.JMeterThread: Thread is done: Thread Group 1-12
2023-07-19 20:10:52,377 INFO o.a.j.t.JMeterThread: Thread finished: Thread Group 1-12
2023-07-19 20:10:52,439 INFO o.a.j.t.JMeterThread: Thread started: Thread Group 1-13
2023-07-19 20:10:52,444 INFO o.a.j.t.JMeterThread: Thread is done: Thread Group 1-13
2023-07-19 20:10:52,444 INFO o.a.j.t.JMeterThread: Thread finished: Thread Group 1-13
2023-07-19 20:10:52,505 INFO o.a.j.t.JMeterThread: Thread started: Thread Group 1-14
2023-07-19 20:10:52,512 INFO o.a.j.t.JMeterThread: Thread is done: Thread Group 1-14
2023-07-19 20:10:52,512 INFO o.a.j.t.JMeterThread: Thread finished: Thread Group 1-14
2023-07-19 20:10:52,572 INFO o.a.j.t.JMeterThread: Thread started: Thread Group 1-15
2023-07-19 20:10:52,578 INFO o.a.j.t.JMeterThread: Thread is done: Thread Group 1-15
2023-07-19 20:10:52,578 INFO o.a.j.t.JMeterThread: Thread finished: Thread Group 1-15
2023-07-19 20:10:52,579 INFO o.a.j.e.StandardJMeterEngine: Notifying test listeners of end of test
2023-07-19 20:10:52,579 INFO o.a.j.g.u.JMeterMenuBar: setRunning(false, *local*)
2023-07-19 20:11:02,524 INFO o.a.j.e.StandardJMeterEngine: Running the test!
2023-07-19 20:11:02,525 INFO o.a.j.s.SampleEvent: List of sample_variables: []
2023-07-19 20:11:02,526 INFO o.a.j.g.u.JMeterMenuBar: setRunning(true, *local*)
2023-07-19 20:11:02,647 INFO o.a.j.e.StandardJMeterEngine: Starting ThreadGroup: 1 : Thread Group
2023-07-19 20:11:02,647 INFO o.a.j.e.StandardJMeterEngine: Starting 15 threads for group Thread Group.
2023-07-19 20:11:02,647 INFO o.a.j.e.StandardJMeterEngine: Thread will continue on error
2023-07-19 20:11:02,647 INFO o.a.j.t.ThreadGroup: Starting thread group... number=1 threads=15 ramp-up=1 delayedStart=false
2023-07-19 20:11:02,649 INFO o.a.j.t.JMeterThread: Thread started: Thread Group 1-1
2023-07-19 20:11:02,656 INFO o.a.j.t.JMeterThread: Thread is done: Thread Group 1-1
2023-07-19 20:11:02,656 INFO o.a.j.t.JMeterThread: Thread finished: Thread Group 1-1
2023-07-19 20:11:02,658 INFO o.a.j.t.ThreadGroup: Started thread group number 1
2023-07-19 20:11:02,658 INFO o.a.j.e.StandardJMeterEngine: All thread groups have been started
2023-07-19 20:11:02,716 INFO o.a.j.t.JMeterThread: Thread started: Thread Group 1-2
2023-07-19 20:11:02,722 INFO o.a.j.t.JMeterThread: Thread is done: Thread Group 1-2
2023-07-19 20:11:02,723 INFO o.a.j.t.JMeterThread: Thread finished: Thread Group 1-2
2023-07-19 20:11:02,783 INFO o.a.j.t.JMeterThread: Thread started: Thread Group 1-3
2023-07-19 20:11:02,789 INFO o.a.j.t.JMeterThread: Thread is done: Thread Group 1-3
2023-07-19 20:11:02,789 INFO o.a.j.t.JMeterThread: Thread finished: Thread Group 1-3
2023-07-19 20:11:02,850 INFO o.a.j.t.JMeterThread: Thread started: Thread Group 1-4
2023-07-19 20:11:02,856 INFO o.a.j.t.JMeterThread: Thread is done: Thread Group 1-4
2023-07-19 20:11:02,857 INFO o.a.j.t.JMeterThread: Thread finished: Thread Group 1-4
2023-07-19 20:11:02,918 INFO o.a.j.t.JMeterThread: Thread started: Thread Group 1-5
2023-07-19 20:11:02,923 INFO o.a.j.t.JMeterThread: Thread is done: Thread Group 1-5
2023-07-19 20:11:02,923 INFO o.a.j.t.JMeterThread: Thread finished: Thread Group 1-5
2023-07-19 20:11:02,984 INFO o.a.j.t.JMeterThread: Thread started: Thread Group 1-6
2023-07-19 20:11:02,989 INFO o.a.j.t.JMeterThread: Thread is done: Thread Group 1-6
2023-07-19 20:11:02,989 INFO o.a.j.t.JMeterThread: Thread finished: Thread Group 1-6
2023-07-19 20:11:03,053 INFO o.a.j.t.JMeterThread: Thread started: Thread Group 1-7
2023-07-19 20:11:03,058 INFO o.a.j.t.JMeterThread: Thread is done: Thread Group 1-7
2023-07-19 20:11:03,059 INFO o.a.j.t.JMeterThread: Thread finished: Thread Group 1-7
2023-07-19 20:11:03,119 INFO o.a.j.t.JMeterThread: Thread started: Thread Group 1-8
2023-07-19 20:11:03,124 INFO o.a.j.t.JMeterThread: Thread is done: Thread Group 1-8
2023-07-19 20:11:03,125 INFO o.a.j.t.JMeterThread: Thread finished: Thread Group 1-8
2023-07-19 20:11:03,185 INFO o.a.j.t.JMeterThread: Thread started: Thread Group 1-9
2023-07-19 20:11:03,191 INFO o.a.j.t.JMeterThread: Thread is done: Thread Group 1-9
2023-07-19 20:11:03,191 INFO o.a.j.t.JMeterThread: Thread finished: Thread Group 1-9
2023-07-19 20:11:03,252 INFO o.a.j.t.JMeterThread: Thread started: Thread Group 1-10
2023-07-19 20:11:03,257 INFO o.a.j.t.JMeterThread: Thread is done: Thread Group 1-10
2023-07-19 20:11:03,258 INFO o.a.j.t.JMeterThread: Thread finished: Thread Group 1-10
2023-07-19 20:11:03,319 INFO o.a.j.t.JMeterThread: Thread started: Thread Group 1-11
2023-07-19 20:11:03,332 INFO o.a.j.t.JMeterThread: Thread is done: Thread Group 1-11
2023-07-19 20:11:03,333 INFO o.a.j.t.JMeterThread: Thread finished: Thread Group 1-11
2023-07-19 20:11:03,386 INFO o.a.j.t.JMeterThread: Thread started: Thread Group 1-12
2023-07-19 20:11:03,392 INFO o.a.j.t.JMeterThread: Thread is done: Thread Group 1-12
2023-07-19 20:11:03,392 INFO o.a.j.t.JMeterThread: Thread finished: Thread Group 1-12
2023-07-19 20:11:03,452 INFO o.a.j.t.JMeterThread: Thread started: Thread Group 1-13
2023-07-19 20:11:03,457 INFO o.a.j.t.JMeterThread: Thread is done: Thread Group 1-13
2023-07-19 20:11:03,457 INFO o.a.j.t.JMeterThread: Thread finished: Thread Group 1-13
2023-07-19 20:11:03,520 INFO o.a.j.t.JMeterThread: Thread started: Thread Group 1-14
2023-07-19 20:11:03,525 INFO o.a.j.t.JMeterThread: Thread is done: Thread Group 1-14
2023-07-19 20:11:03,526 INFO o.a.j.t.JMeterThread: Thread finished: Thread Group 1-14
2023-07-19 20:11:03,587 INFO o.a.j.t.JMeterThread: Thread started: Thread Group 1-15
2023-07-19 20:11:03,592 INFO o.a.j.t.JMeterThread: Thread is done: Thread Group 1-15
2023-07-19 20:11:03,592 INFO o.a.j.t.JMeterThread: Thread finished: Thread Group 1-15
2023-07-19 20:11:03,593 INFO o.a.j.e.StandardJMeterEngine: Notifying test listeners of end of test
2023-07-19 20:11:03,593 INFO o.a.j.g.u.JMeterMenuBar: setRunning(false, *local*)
2023-07-19 20:12:33,411 INFO o.a.j.e.StandardJMeterEngine: Running the test!
2023-07-19 20:12:33,412 INFO o.a.j.s.SampleEvent: List of sample_variables: []
2023-07-19 20:12:33,412 INFO o.a.j.g.u.JMeterMenuBar: setRunning(true, *local*)
2023-07-19 20:12:33,527 INFO o.a.j.e.StandardJMeterEngine: Starting ThreadGroup: 1 : Thread Group
2023-07-19 20:12:33,528 INFO o.a.j.e.StandardJMeterEngine: Starting 15 threads for group Thread Group.
2023-07-19 20:12:33,528 INFO o.a.j.e.StandardJMeterEngine: Thread will continue on error
2023-07-19 20:12:33,528 INFO o.a.j.t.ThreadGroup: Starting thread group... number=1 threads=15 ramp-up=1 delayedStart=false
2023-07-19 20:12:33,529 INFO o.a.j.t.JMeterThread: Thread started: Thread Group 1-1
2023-07-19 20:12:33,536 INFO o.a.j.t.ThreadGroup: Started thread group number 1
2023-07-19 20:12:33,536 INFO o.a.j.e.StandardJMeterEngine: All thread groups have been started
2023-07-19 20:12:33,596 INFO o.a.j.t.JMeterThread: Thread started: Thread Group 1-2
2023-07-19 20:12:33,663 INFO o.a.j.t.JMeterThread: Thread started: Thread Group 1-3
2023-07-19 20:12:33,730 INFO o.a.j.t.JMeterThread: Thread started: Thread Group 1-4
2023-07-19 20:12:33,797 INFO o.a.j.t.JMeterThread: Thread started: Thread Group 1-5
2023-07-19 20:12:33,864 INFO o.a.j.t.JMeterThread: Thread started: Thread Group 1-6
2023-07-19 20:12:33,931 INFO o.a.j.t.JMeterThread: Thread started: Thread Group 1-7
2023-07-19 20:12:33,998 INFO o.a.j.t.JMeterThread: Thread started: Thread Group 1-8
2023-07-19 20:12:34,066 INFO o.a.j.t.JMeterThread: Thread started: Thread Group 1-9
2023-07-19 20:12:34,132 INFO o.a.j.t.JMeterThread: Thread started: Thread Group 1-10
2023-07-19 20:12:34,200 INFO o.a.j.t.JMeterThread: Thread started: Thread Group 1-11
2023-07-19 20:12:34,266 INFO o.a.j.t.JMeterThread: Thread started: Thread Group 1-12
2023-07-19 20:12:34,338 INFO o.a.j.t.JMeterThread: Thread started: Thread Group 1-13
2023-07-19 20:12:34,400 INFO o.a.j.t.JMeterThread: Thread started: Thread Group 1-14
2023-07-19 20:12:34,435 INFO o.a.j.t.JMeterThread: Thread is done: Thread Group 1-3
2023-07-19 20:12:34,436 INFO o.a.j.t.JMeterThread: Thread finished: Thread Group 1-3
2023-07-19 20:12:34,437 INFO o.a.j.t.JMeterThread: Thread is done: Thread Group 1-8
2023-07-19 20:12:34,437 INFO o.a.j.t.JMeterThread: Thread finished: Thread Group 1-8
2023-07-19 20:12:34,438 INFO o.a.j.t.JMeterThread: Thread is done: Thread Group 1-4
2023-07-19 20:12:34,439 INFO o.a.j.t.JMeterThread: Thread finished: Thread Group 1-4
2023-07-19 20:12:34,439 INFO o.a.j.t.JMeterThread: Thread is done: Thread Group 1-2
2023-07-19 20:12:34,439 INFO o.a.j.t.JMeterThread: Thread finished: Thread Group 1-2
2023-07-19 20:12:34,441 INFO o.a.j.t.JMeterThread: Thread is done: Thread Group 1-6
2023-07-19 20:12:34,442 INFO o.a.j.t.JMeterThread: Thread finished: Thread Group 1-6
2023-07-19 20:12:34,444 INFO o.a.j.t.JMeterThread: Thread is done: Thread Group 1-10
2023-07-19 20:12:34,444 INFO o.a.j.t.JMeterThread: Thread finished: Thread Group 1-10
2023-07-19 20:12:34,445 INFO o.a.j.t.JMeterThread: Thread is done: Thread Group 1-9
2023-07-19 20:12:34,446 INFO o.a.j.t.JMeterThread: Thread finished: Thread Group 1-9
2023-07-19 20:12:34,449 INFO o.a.j.t.JMeterThread: Thread is done: Thread Group 1-5
2023-07-19 20:12:34,449 INFO o.a.j.t.JMeterThread: Thread finished: Thread Group 1-5
2023-07-19 20:12:34,452 INFO o.a.j.t.JMeterThread: Thread is done: Thread Group 1-7
2023-07-19 20:12:34,452 INFO o.a.j.t.JMeterThread: Thread finished: Thread Group 1-7
2023-07-19 20:12:34,453 INFO o.a.j.t.JMeterThread: Thread is done: Thread Group 1-1
2023-07-19 20:12:34,454 INFO o.a.j.t.JMeterThread: Thread finished: Thread Group 1-1
2023-07-19 20:12:34,467 INFO o.a.j.t.JMeterThread: Thread started: Thread Group 1-15
2023-07-19 20:12:34,481 INFO o.a.j.t.JMeterThread: Thread is done: Thread Group 1-14
2023-07-19 20:12:34,482 INFO o.a.j.t.JMeterThread: Thread finished: Thread Group 1-14
2023-07-19 20:12:34,482 INFO o.a.j.t.JMeterThread: Thread is done: Thread Group 1-13
2023-07-19 20:12:34,482 INFO o.a.j.t.JMeterThread: Thread finished: Thread Group 1-13
2023-07-19 20:12:34,486 INFO o.a.j.t.JMeterThread: Thread is done: Thread Group 1-12
2023-07-19 20:12:34,486 INFO o.a.j.t.JMeterThread: Thread finished: Thread Group 1-12
2023-07-19 20:12:34,506 INFO o.a.j.t.JMeterThread: Thread is done: Thread Group 1-11
2023-07-19 20:12:34,507 INFO o.a.j.t.JMeterThread: Thread finished: Thread Group 1-11
2023-07-19 20:12:34,526 INFO o.a.j.t.JMeterThread: Thread is done: Thread Group 1-15
2023-07-19 20:12:34,526 INFO o.a.j.t.JMeterThread: Thread finished: Thread Group 1-15
2023-07-19 20:12:34,527 INFO o.a.j.e.StandardJMeterEngine: Notifying test listeners of end of test
2023-07-19 20:12:34,527 INFO o.a.j.g.u.JMeterMenuBar: setRunning(false, *local*)
2023-07-19 20:13:33,585 INFO o.a.j.e.StandardJMeterEngine: Running the test!
2023-07-19 20:13:33,585 INFO o.a.j.s.SampleEvent: List of sample_variables: []
2023-07-19 20:13:33,586 INFO o.a.j.g.u.JMeterMenuBar: setRunning(true, *local*)
2023-07-19 20:13:33,694 INFO o.a.j.e.StandardJMeterEngine: Starting ThreadGroup: 1 : Thread Group
2023-07-19 20:13:33,694 INFO o.a.j.e.StandardJMeterEngine: Starting 50 threads for group Thread Group.
2023-07-19 20:13:33,694 INFO o.a.j.e.StandardJMeterEngine: Thread will continue on error
2023-07-19 20:13:33,694 INFO o.a.j.t.ThreadGroup: Starting thread group... number=1 threads=50 ramp-up=1 delayedStart=false
2023-07-19 20:13:33,696 INFO o.a.j.t.JMeterThread: Thread started: Thread Group 1-1
2023-07-19 20:13:33,716 INFO o.a.j.t.JMeterThread: Thread started: Thread Group 1-2
2023-07-19 20:13:33,720 INFO o.a.j.t.ThreadGroup: Started thread group number 1
2023-07-19 20:13:33,720 INFO o.a.j.e.StandardJMeterEngine: All thread groups have been started
2023-07-19 20:13:33,736 INFO o.a.j.t.JMeterThread: Thread started: Thread Group 1-3
2023-07-19 20:13:33,756 INFO o.a.j.t.JMeterThread: Thread started: Thread Group 1-4
2023-07-19 20:13:33,776 INFO o.a.j.t.JMeterThread: Thread started: Thread Group 1-5
2023-07-19 20:13:33,796 INFO o.a.j.t.JMeterThread: Thread started: Thread Group 1-6
2023-07-19 20:13:33,816 INFO o.a.j.t.JMeterThread: Thread started: Thread Group 1-7
2023-07-19 20:13:33,837 INFO o.a.j.t.JMeterThread: Thread started: Thread Group 1-8
2023-07-19 20:13:33,856 INFO o.a.j.t.JMeterThread: Thread started: Thread Group 1-9
2023-07-19 20:13:33,876 INFO o.a.j.t.JMeterThread: Thread started: Thread Group 1-10
2023-07-19 20:13:33,896 INFO o.a.j.t.JMeterThread: Thread started: Thread Group 1-11
2023-07-19 20:13:33,916 INFO o.a.j.t.JMeterThread: Thread started: Thread Group 1-12
2023-07-19 20:13:33,936 INFO o.a.j.t.JMeterThread: Thread started: Thread Group 1-13
2023-07-19 20:13:33,957 INFO o.a.j.t.JMeterThread: Thread started: Thread Group 1-14
2023-07-19 20:13:33,976 INFO o.a.j.t.JMeterThread: Thread started: Thread Group 1-15
2023-07-19 20:13:33,996 INFO o.a.j.t.JMeterThread: Thread started: Thread Group 1-16
2023-07-19 20:13:34,016 INFO o.a.j.t.JMeterThread: Thread started: Thread Group 1-17
2023-07-19 20:13:34,036 INFO o.a.j.t.JMeterThread: Thread started: Thread Group 1-18
2023-07-19 20:13:34,056 INFO o.a.j.t.JMeterThread: Thread started: Thread Group 1-19
2023-07-19 20:13:34,076 INFO o.a.j.t.JMeterThread: Thread started: Thread Group 1-20
2023-07-19 20:13:34,096 INFO o.a.j.t.JMeterThread: Thread started: Thread Group 1-21
2023-07-19 20:13:34,116 INFO o.a.j.t.JMeterThread: Thread started: Thread Group 1-22
2023-07-19 20:13:34,136 INFO o.a.j.t.JMeterThread: Thread started: Thread Group 1-23
2023-07-19 20:13:34,156 INFO o.a.j.t.JMeterThread: Thread started: Thread Group 1-24
2023-07-19 20:13:34,176 INFO o.a.j.t.JMeterThread: Thread started: Thread Group 1-25
2023-07-19 20:13:34,195 INFO o.a.j.t.JMeterThread: Thread started: Thread Group 1-26
2023-07-19 20:13:34,216 INFO o.a.j.t.JMeterThread: Thread started: Thread Group 1-27
2023-07-19 20:13:34,236 INFO o.a.j.t.JMeterThread: Thread started: Thread Group 1-28
2023-07-19 20:13:34,256 INFO o.a.j.t.JMeterThread: Thread started: Thread Group 1-29
2023-07-19 20:13:34,276 INFO o.a.j.t.JMeterThread: Thread started: Thread Group 1-30
2023-07-19 20:13:34,296 INFO o.a.j.t.JMeterThread: Thread started: Thread Group 1-31
2023-07-19 20:13:34,316 INFO o.a.j.t.JMeterThread: Thread started: Thread Group 1-32
2023-07-19 20:13:34,336 INFO o.a.j.t.JMeterThread: Thread started: Thread Group 1-33
2023-07-19 20:13:34,356 INFO o.a.j.t.JMeterThread: Thread started: Thread Group 1-34
2023-07-19 20:13:34,376 INFO o.a.j.t.JMeterThread: Thread started: Thread Group 1-35
2023-07-19 20:13:34,396 INFO o.a.j.t.JMeterThread: Thread started: Thread Group 1-36
2023-07-19 20:13:34,416 INFO o.a.j.t.JMeterThread: Thread started: Thread Group 1-37
2023-07-19 20:13:34,436 INFO o.a.j.t.JMeterThread: Thread started: Thread Group 1-38
2023-07-19 20:13:34,456 INFO o.a.j.t.JMeterThread: Thread started: Thread Group 1-39
2023-07-19 20:13:34,479 INFO o.a.j.t.JMeterThread: Thread started: Thread Group 1-40
2023-07-19 20:13:34,496 INFO o.a.j.t.JMeterThread: Thread started: Thread Group 1-41
2023-07-19 20:13:34,515 INFO o.a.j.t.JMeterThread: Thread started: Thread Group 1-42
2023-07-19 20:13:34,536 INFO o.a.j.t.JMeterThread: Thread started: Thread Group 1-43
2023-07-19 20:13:34,556 INFO o.a.j.t.JMeterThread: Thread started: Thread Group 1-44
2023-07-19 20:13:34,576 INFO o.a.j.t.JMeterThread: Thread started: Thread Group 1-45
2023-07-19 20:13:34,596 INFO o.a.j.t.JMeterThread: Thread started: Thread Group 1-46
2023-07-19 20:13:34,617 INFO o.a.j.t.JMeterThread: Thread started: Thread Group 1-47
2023-07-19 20:13:34,625 INFO o.a.j.t.JMeterThread: Thread is done: Thread Group 1-15
2023-07-19 20:13:34,625 INFO o.a.j.t.JMeterThread: Thread finished: Thread Group 1-15
2023-07-19 20:13:34,627 INFO o.a.j.t.JMeterThread: Thread is done: Thread Group 1-8
2023-07-19 20:13:34,628 INFO o.a.j.t.JMeterThread: Thread finished: Thread Group 1-8
2023-07-19 20:13:34,633 INFO o.a.j.t.JMeterThread: Thread is done: Thread Group 1-5
2023-07-19 20:13:34,634 INFO o.a.j.t.JMeterThread: Thread finished: Thread Group 1-5
2023-07-19 20:13:34,634 INFO o.a.j.t.JMeterThread: Thread is done: Thread Group 1-7
2023-07-19 20:13:34,635 INFO o.a.j.t.JMeterThread: Thread finished: Thread Group 1-7
2023-07-19 20:13:34,636 INFO o.a.j.t.JMeterThread: Thread is done: Thread Group 1-2
2023-07-19 20:13:34,636 INFO o.a.j.t.JMeterThread: Thread finished: Thread Group 1-2
2023-07-19 20:13:34,636 INFO o.a.j.t.JMeterThread: Thread is done: Thread Group 1-4
2023-07-19 20:13:34,636 INFO o.a.j.t.JMeterThread: Thread started: Thread Group 1-48
2023-07-19 20:13:34,636 INFO o.a.j.t.JMeterThread: Thread finished: Thread Group 1-4
2023-07-19 20:13:34,645 INFO o.a.j.t.JMeterThread: Thread is done: Thread Group 1-10
2023-07-19 20:13:34,645 INFO o.a.j.t.JMeterThread: Thread finished: Thread Group 1-10
2023-07-19 20:13:34,645 INFO o.a.j.t.JMeterThread: Thread is done: Thread Group 1-13
2023-07-19 20:13:34,646 INFO o.a.j.t.JMeterThread: Thread finished: Thread Group 1-13
2023-07-19 20:13:34,656 INFO o.a.j.t.JMeterThread: Thread started: Thread Group 1-49
2023-07-19 20:13:34,660 INFO o.a.j.t.JMeterThread: Thread is done: Thread Group 1-11
2023-07-19 20:13:34,660 INFO o.a.j.t.JMeterThread: Thread finished: Thread Group 1-11
2023-07-19 20:13:34,668 INFO o.a.j.t.JMeterThread: Thread is done: Thread Group 1-6
2023-07-19 20:13:34,669 INFO o.a.j.t.JMeterThread: Thread finished: Thread Group 1-6
2023-07-19 20:13:34,676 INFO o.a.j.t.JMeterThread: Thread started: Thread Group 1-50
2023-07-19 20:13:34,695 INFO o.a.j.t.JMeterThread: Thread is done: Thread Group 1-14
2023-07-19 20:13:34,696 INFO o.a.j.t.JMeterThread: Thread finished: Thread Group 1-14
2023-07-19 20:13:34,705 INFO o.a.j.t.JMeterThread: Thread is done: Thread Group 1-47
2023-07-19 20:13:34,705 INFO o.a.j.t.JMeterThread: Thread finished: Thread Group 1-47
2023-07-19 20:13:34,719 INFO o.a.j.t.JMeterThread: Thread is done: Thread Group 1-49
2023-07-19 20:13:34,719 INFO o.a.j.t.JMeterThread: Thread finished: Thread Group 1-49
2023-07-19 20:13:34,724 INFO o.a.j.t.JMeterThread: Thread is done: Thread Group 1-1
2023-07-19 20:13:34,724 INFO o.a.j.t.JMeterThread: Thread finished: Thread Group 1-1
2023-07-19 20:13:34,730 INFO o.a.j.t.JMeterThread: Thread is done: Thread Group 1-18
2023-07-19 20:13:34,730 INFO o.a.j.t.JMeterThread: Thread finished: Thread Group 1-18
2023-07-19 20:13:34,736 INFO o.a.j.t.JMeterThread: Thread is done: Thread Group 1-3
2023-07-19 20:13:34,736 INFO o.a.j.t.JMeterThread: Thread finished: Thread Group 1-3
2023-07-19 20:13:34,739 INFO o.a.j.t.JMeterThread: Thread is done: Thread Group 1-17
2023-07-19 20:13:34,739 INFO o.a.j.t.JMeterThread: Thread finished: Thread Group 1-17
2023-07-19 20:13:34,744 INFO o.a.j.t.JMeterThread: Thread is done: Thread Group 1-12
2023-07-19 20:13:34,744 INFO o.a.j.t.JMeterThread: Thread finished: Thread Group 1-12
2023-07-19 20:13:34,749 INFO o.a.j.t.JMeterThread: Thread is done: Thread Group 1-16
2023-07-19 20:13:34,750 INFO o.a.j.t.JMeterThread: Thread finished: Thread Group 1-16
2023-07-19 20:13:34,765 INFO o.a.j.t.JMeterThread: Thread is done: Thread Group 1-22
2023-07-19 20:13:34,766 INFO o.a.j.t.JMeterThread: Thread finished: Thread Group 1-22
2023-07-19 20:13:34,805 INFO o.a.j.t.JMeterThread: Thread is done: Thread Group 1-19
2023-07-19 20:13:34,806 INFO o.a.j.t.JMeterThread: Thread finished: Thread Group 1-19
2023-07-19 20:13:34,811 INFO o.a.j.t.JMeterThread: Thread is done: Thread Group 1-24
2023-07-19 20:13:34,811 INFO o.a.j.t.JMeterThread: Thread finished: Thread Group 1-24
2023-07-19 20:13:34,826 INFO o.a.j.t.JMeterThread: Thread is done: Thread Group 1-21
2023-07-19 20:13:34,826 INFO o.a.j.t.JMeterThread: Thread finished: Thread Group 1-21
2023-07-19 20:13:34,837 INFO o.a.j.t.JMeterThread: Thread is done: Thread Group 1-23
2023-07-19 20:13:34,837 INFO o.a.j.t.JMeterThread: Thread finished: Thread Group 1-23
2023-07-19 20:13:34,837 INFO o.a.j.t.JMeterThread: Thread is done: Thread Group 1-25
2023-07-19 20:13:34,837 INFO o.a.j.t.JMeterThread: Thread finished: Thread Group 1-25
2023-07-19 20:13:34,838 INFO o.a.j.t.JMeterThread: Thread is done: Thread Group 1-27
2023-07-19 20:13:34,838 INFO o.a.j.t.JMeterThread: Thread finished: Thread Group 1-27
2023-07-19 20:13:34,850 INFO o.a.j.t.JMeterThread: Thread is done: Thread Group 1-29
2023-07-19 20:13:34,850 INFO o.a.j.t.JMeterThread: Thread finished: Thread Group 1-29
2023-07-19 20:13:34,876 INFO o.a.j.t.JMeterThread: Thread is done: Thread Group 1-30
2023-07-19 20:13:34,876 INFO o.a.j.t.JMeterThread: Thread finished: Thread Group 1-30
2023-07-19 20:13:34,892 INFO o.a.j.t.JMeterThread: Thread is done: Thread Group 1-28
2023-07-19 20:13:34,893 INFO o.a.j.t.JMeterThread: Thread finished: Thread Group 1-28
2023-07-19 20:13:34,896 INFO o.a.j.t.JMeterThread: Thread is done: Thread Group 1-36
2023-07-19 20:13:34,896 INFO o.a.j.t.JMeterThread: Thread finished: Thread Group 1-36
2023-07-19 20:13:34,940 INFO o.a.j.t.JMeterThread: Thread is done: Thread Group 1-33
2023-07-19 20:13:34,941 INFO o.a.j.t.JMeterThread: Thread finished: Thread Group 1-33
2023-07-19 20:13:34,942 INFO o.a.j.t.JMeterThread: Thread is done: Thread Group 1-32
2023-07-19 20:13:34,942 INFO o.a.j.t.JMeterThread: Thread finished: Thread Group 1-32
2023-07-19 20:13:34,943 INFO o.a.j.t.JMeterThread: Thread is done: Thread Group 1-37
2023-07-19 20:13:34,943 INFO o.a.j.t.JMeterThread: Thread finished: Thread Group 1-37
2023-07-19 20:13:34,954 INFO o.a.j.t.JMeterThread: Thread is done: Thread Group 1-26
2023-07-19 20:13:34,954 INFO o.a.j.t.JMeterThread: Thread finished: Thread Group 1-26
2023-07-19 20:13:34,969 INFO o.a.j.t.JMeterThread: Thread is done: Thread Group 1-31
2023-07-19 20:13:34,970 INFO o.a.j.t.JMeterThread: Thread finished: Thread Group 1-31
2023-07-19 20:13:34,989 INFO o.a.j.t.JMeterThread: Thread is done: Thread Group 1-39
2023-07-19 20:13:34,990 INFO o.a.j.t.JMeterThread: Thread finished: Thread Group 1-39
2023-07-19 20:13:35,006 INFO o.a.j.t.JMeterThread: Thread is done: Thread Group 1-40
2023-07-19 20:13:35,006 INFO o.a.j.t.JMeterThread: Thread finished: Thread Group 1-40
2023-07-19 20:13:35,008 INFO o.a.j.t.JMeterThread: Thread is done: Thread Group 1-41
2023-07-19 20:13:35,008 INFO o.a.j.t.JMeterThread: Thread finished: Thread Group 1-41
2023-07-19 20:13:35,009 INFO o.a.j.t.JMeterThread: Thread is done: Thread Group 1-38
2023-07-19 20:13:35,010 INFO o.a.j.t.JMeterThread: Thread finished: Thread Group 1-38
2023-07-19 20:13:35,012 INFO o.a.j.t.JMeterThread: Thread is done: Thread Group 1-35
2023-07-19 20:13:35,012 INFO o.a.j.t.JMeterThread: Thread finished: Thread Group 1-35
2023-07-19 20:13:35,031 INFO o.a.j.t.JMeterThread: Thread is done: Thread Group 1-44
2023-07-19 20:13:35,031 INFO o.a.j.t.JMeterThread: Thread finished: Thread Group 1-44
2023-07-19 20:13:35,033 INFO o.a.j.t.JMeterThread: Thread is done: Thread Group 1-45
2023-07-19 20:13:35,033 INFO o.a.j.t.JMeterThread: Thread finished: Thread Group 1-45
2023-07-19 20:13:35,041 INFO o.a.j.t.JMeterThread: Thread is done: Thread Group 1-34
2023-07-19 20:13:35,042 INFO o.a.j.t.JMeterThread: Thread finished: Thread Group 1-34
2023-07-19 20:13:35,065 INFO o.a.j.t.JMeterThread: Thread is done: Thread Group 1-43
2023-07-19 20:13:35,065 INFO o.a.j.t.JMeterThread: Thread finished: Thread Group 1-43
2023-07-19 20:13:35,068 INFO o.a.j.t.JMeterThread: Thread is done: Thread Group 1-48
2023-07-19 20:13:35,068 INFO o.a.j.t.JMeterThread: Thread finished: Thread Group 1-48
2023-07-19 20:13:35,076 INFO o.a.j.t.JMeterThread: Thread is done: Thread Group 1-9
2023-07-19 20:13:35,077 INFO o.a.j.t.JMeterThread: Thread finished: Thread Group 1-9
2023-07-19 20:13:35,077 INFO o.a.j.t.JMeterThread: Thread is done: Thread Group 1-46
2023-07-19 20:13:35,077 INFO o.a.j.t.JMeterThread: Thread finished: Thread Group 1-46
2023-07-19 20:13:35,112 INFO o.a.j.t.JMeterThread: Thread is done: Thread Group 1-42
2023-07-19 20:13:35,112 INFO o.a.j.t.JMeterThread: Thread finished: Thread Group 1-42
2023-07-19 20:13:35,112 INFO o.a.j.t.JMeterThread: Thread is done: Thread Group 1-50
2023-07-19 20:13:35,113 INFO o.a.j.t.JMeterThread: Thread finished: Thread Group 1-50
2023-07-19 20:13:35,128 INFO o.a.j.t.JMeterThread: Thread is done: Thread Group 1-20
2023-07-19 20:13:35,129 INFO o.a.j.t.JMeterThread: Thread finished: Thread Group 1-20
2023-07-19 20:13:35,129 INFO o.a.j.e.StandardJMeterEngine: Notifying test listeners of end of test
2023-07-19 20:13:35,130 INFO o.a.j.g.u.JMeterMenuBar: setRunning(false, *local*)
2023-07-19 20:15:00,990 INFO o.a.j.e.StandardJMeterEngine: Running the test!
2023-07-19 20:15:00,995 INFO o.a.j.s.SampleEvent: List of sample_variables: []
2023-07-19 20:15:00,997 INFO o.a.j.g.u.JMeterMenuBar: setRunning(true, *local*)
2023-07-19 20:15:01,095 INFO o.a.j.e.StandardJMeterEngine: Starting ThreadGroup: 1 : Thread Group
2023-07-19 20:15:01,095 INFO o.a.j.e.StandardJMeterEngine: Starting 15 threads for group Thread Group.
2023-07-19 20:15:01,095 INFO o.a.j.e.StandardJMeterEngine: Thread will continue on error
2023-07-19 20:15:01,096 INFO o.a.j.t.ThreadGroup: Starting thread group... number=1 threads=15 ramp-up=1 delayedStart=false
2023-07-19 20:15:01,097 INFO o.a.j.t.JMeterThread: Thread started: Thread Group 1-1
2023-07-19 20:15:01,105 INFO o.a.j.t.ThreadGroup: Started thread group number 1
2023-07-19 20:15:01,105 INFO o.a.j.e.StandardJMeterEngine: All thread groups have been started
2023-07-19 20:15:01,161 INFO o.a.j.t.JMeterThread: Thread is done: Thread Group 1-1
2023-07-19 20:15:01,161 INFO o.a.j.t.JMeterThread: Thread finished: Thread Group 1-1
2023-07-19 20:15:01,164 INFO o.a.j.t.JMeterThread: Thread started: Thread Group 1-2
2023-07-19 20:15:01,207 INFO o.a.j.t.JMeterThread: Thread is done: Thread Group 1-2
2023-07-19 20:15:01,207 INFO o.a.j.t.JMeterThread: Thread finished: Thread Group 1-2
2023-07-19 20:15:01,232 INFO o.a.j.t.JMeterThread: Thread started: Thread Group 1-3
2023-07-19 20:15:01,275 INFO o.a.j.t.JMeterThread: Thread is done: Thread Group 1-3
2023-07-19 20:15:01,275 INFO o.a.j.t.JMeterThread: Thread finished: Thread Group 1-3
2023-07-19 20:15:01,298 INFO o.a.j.t.JMeterThread: Thread started: Thread Group 1-4
2023-07-19 20:15:01,350 INFO o.a.j.t.JMeterThread: Thread is done: Thread Group 1-4
2023-07-19 20:15:01,350 INFO o.a.j.t.JMeterThread: Thread finished: Thread Group 1-4
2023-07-19 20:15:01,365 INFO o.a.j.t.JMeterThread: Thread started: Thread Group 1-5
2023-07-19 20:15:01,408 INFO o.a.j.t.JMeterThread: Thread is done: Thread Group 1-5
2023-07-19 20:15:01,408 INFO o.a.j.t.JMeterThread: Thread finished: Thread Group 1-5
2023-07-19 20:15:01,432 INFO o.a.j.t.JMeterThread: Thread started: Thread Group 1-6
2023-07-19 20:15:01,476 INFO o.a.j.t.JMeterThread: Thread is done: Thread Group 1-6
2023-07-19 20:15:01,476 INFO o.a.j.t.JMeterThread: Thread finished: Thread Group 1-6
2023-07-19 20:15:01,500 INFO o.a.j.t.JMeterThread: Thread started: Thread Group 1-7
2023-07-19 20:15:01,546 INFO o.a.j.t.JMeterThread: Thread is done: Thread Group 1-7
2023-07-19 20:15:01,546 INFO o.a.j.t.JMeterThread: Thread finished: Thread Group 1-7
2023-07-19 20:15:01,565 INFO o.a.j.t.JMeterThread: Thread started: Thread Group 1-8
2023-07-19 20:15:01,613 INFO o.a.j.t.JMeterThread: Thread is done: Thread Group 1-8
2023-07-19 20:15:01,613 INFO o.a.j.t.JMeterThread: Thread finished: Thread Group 1-8
2023-07-19 20:15:01,633 INFO o.a.j.t.JMeterThread: Thread started: Thread Group 1-9
2023-07-19 20:15:01,676 INFO o.a.j.t.JMeterThread: Thread is done: Thread Group 1-9
2023-07-19 20:15:01,676 INFO o.a.j.t.JMeterThread: Thread finished: Thread Group 1-9
2023-07-19 20:15:01,700 INFO o.a.j.t.JMeterThread: Thread started: Thread Group 1-10
2023-07-19 20:15:01,744 INFO o.a.j.t.JMeterThread: Thread is done: Thread Group 1-10
2023-07-19 20:15:01,744 INFO o.a.j.t.JMeterThread: Thread finished: Thread Group 1-10
2023-07-19 20:15:01,767 INFO o.a.j.t.JMeterThread: Thread started: Thread Group 1-11
2023-07-19 20:15:01,810 INFO o.a.j.t.JMeterThread: Thread is done: Thread Group 1-11
2023-07-19 20:15:01,810 INFO o.a.j.t.JMeterThread: Thread finished: Thread Group 1-11
2023-07-19 20:15:01,834 INFO o.a.j.t.JMeterThread: Thread started: Thread Group 1-12
2023-07-19 20:15:01,871 INFO o.a.j.t.JMeterThread: Thread is done: Thread Group 1-12
2023-07-19 20:15:01,871 INFO o.a.j.t.JMeterThread: Thread finished: Thread Group 1-12
2023-07-19 20:15:01,901 INFO o.a.j.t.JMeterThread: Thread started: Thread Group 1-13
2023-07-19 20:15:01,942 INFO o.a.j.t.JMeterThread: Thread is done: Thread Group 1-13
2023-07-19 20:15:01,943 INFO o.a.j.t.JMeterThread: Thread finished: Thread Group 1-13
2023-07-19 20:15:01,968 INFO o.a.j.t.JMeterThread: Thread started: Thread Group 1-14
2023-07-19 20:15:02,012 INFO o.a.j.t.JMeterThread: Thread is done: Thread Group 1-14
2023-07-19 20:15:02,012 INFO o.a.j.t.JMeterThread: Thread finished: Thread Group 1-14
2023-07-19 20:15:02,035 INFO o.a.j.t.JMeterThread: Thread started: Thread Group 1-15
2023-07-19 20:15:02,077 INFO o.a.j.t.JMeterThread: Thread is done: Thread Group 1-15
2023-07-19 20:15:02,077 INFO o.a.j.t.JMeterThread: Thread finished: Thread Group 1-15
2023-07-19 20:15:02,078 INFO o.a.j.e.StandardJMeterEngine: Notifying test listeners of end of test
2023-07-19 20:15:02,078 INFO o.a.j.g.u.JMeterMenuBar: setRunning(false, *local*)
